<?xml version="1.0" encoding="UTF-8"?>
<!-- Generated by org.testng.reporters.JUnitXMLReporter -->
<testsuite hostname="DESKTOP-V01NHOK" ignored="0" name="Test" tests="7" failures="0" timestamp="2020-10-26T22:36:45 EET" time="1.121" errors="0">
  <testcase name="@BeforeClass setupClass" time="0.039" classname="test.ProhibitedProductsTest">
    <failure type="java.lang.NoClassDefFoundError" message="org/w3c/dom/ElementTraversal">
      <![CDATA[java.lang.NoClassDefFoundError: org/w3c/dom/ElementTraversal
at java.lang.ClassLoader.defineClass1(Native Method)
at java.lang.ClassLoader.defineClass(ClassLoader.java:763)
at java.security.SecureClassLoader.defineClass(SecureClassLoader.java:142)
at java.net.URLClassLoader.defineClass(URLClassLoader.java:468)
at java.net.URLClassLoader.access$100(URLClassLoader.java:74)
at java.net.URLClassLoader$1.run(URLClassLoader.java:369)
at java.net.URLClassLoader$1.run(URLClassLoader.java:363)
at java.security.AccessController.doPrivileged(Native Method)
at java.net.URLClassLoader.findClass(URLClassLoader.java:362)
at java.lang.ClassLoader.loadClass(ClassLoader.java:424)
at sun.misc.Launcher$AppClassLoader.loadClass(Launcher.java:349)
at java.lang.ClassLoader.loadClass(ClassLoader.java:357)
at org.apache.xerces.parsers.AbstractDOMParser.startDocument(Unknown Source)
at org.apache.xerces.impl.dtd.XMLDTDValidator.startDocument(Unknown Source)
at org.apache.xerces.impl.XMLDocumentScannerImpl.startEntity(Unknown Source)
at org.apache.xerces.impl.XMLVersionDetector.startDocumentParsing(Unknown Source)
at org.apache.xerces.parsers.XML11Configuration.parse(Unknown Source)
at org.apache.xerces.parsers.XML11Configuration.parse(Unknown Source)
at org.apache.xerces.parsers.XMLParser.parse(Unknown Source)
at org.apache.xerces.parsers.DOMParser.parse(Unknown Source)
at org.apache.xerces.jaxp.DocumentBuilderImpl.parse(Unknown Source)
at javax.xml.parsers.DocumentBuilder.parse(DocumentBuilder.java:121)
at com.relevantcodes.extentreports.Configuration.getConfigurationMap(Configuration.java:38)
at com.relevantcodes.extentreports.Report.loadConfig(Report.java:474)
at com.relevantcodes.extentreports.Report.<init>(Report.java:611)
at com.relevantcodes.extentreports.ExtentReports.<init>(ExtentReports.java:74)
at com.relevantcodes.extentreports.ExtentReports.<init>(ExtentReports.java:375)
at test.ProhibitedProductsTest.setupClass(ProhibitedProductsTest.java:20)
at java.util.ArrayList.forEach(ArrayList.java:1257)
Caused by: java.lang.ClassNotFoundException: org.w3c.dom.ElementTraversal
at java.net.URLClassLoader.findClass(URLClassLoader.java:382)
at java.lang.ClassLoader.loadClass(ClassLoader.java:424)
at sun.misc.Launcher$AppClassLoader.loadClass(Launcher.java:349)
at java.lang.ClassLoader.loadClass(ClassLoader.java:357)
... 54 more
... Removed 25 stack frames]]>
    </failure>
  </testcase> <!-- @BeforeClass setupClass -->
  <testcase name="@BeforeMethod setupMethod" time="-1.603744605311E9" classname="test.ProhibitedProductsTest">
    <skipped/>
  </testcase> <!-- @BeforeMethod setupMethod -->
  <testcase name="@AfterMethod tearDownMethod" time="-1.603744605322E9" classname="test.ProhibitedProductsTest">
    <skipped/>
  </testcase> <!-- @AfterMethod tearDownMethod -->
  <testcase name="@BeforeMethod setupMethod" time="-1.60374460533E9" classname="test.ProhibitedProductsTest">
    <skipped/>
  </testcase> <!-- @BeforeMethod setupMethod -->
  <testcase name="@AfterMethod tearDownMethod" time="-1.60374460534E9" classname="test.ProhibitedProductsTest">
    <skipped/>
  </testcase> <!-- @AfterMethod tearDownMethod -->
  <testcase name="@AfterClass tearDownClass" time="-1.603744605345E9" classname="test.ProhibitedProductsTest">
    <skipped/>
  </testcase> <!-- @AfterClass tearDownClass -->
  <testcase name="@BeforeClass setupClass" time="0.005" classname="test.AutomatedProductsTest">
    <failure type="java.lang.NoClassDefFoundError" message="org/w3c/dom/ElementTraversal">
      <![CDATA[java.lang.NoClassDefFoundError: org/w3c/dom/ElementTraversal
at java.lang.ClassLoader.defineClass1(Native Method)
at java.lang.ClassLoader.defineClass(ClassLoader.java:763)
at java.security.SecureClassLoader.defineClass(SecureClassLoader.java:142)
at java.net.URLClassLoader.defineClass(URLClassLoader.java:468)
at java.net.URLClassLoader.access$100(URLClassLoader.java:74)
at java.net.URLClassLoader$1.run(URLClassLoader.java:369)
at java.net.URLClassLoader$1.run(URLClassLoader.java:363)
at java.security.AccessController.doPrivileged(Native Method)
at java.net.URLClassLoader.findClass(URLClassLoader.java:362)
at java.lang.ClassLoader.loadClass(ClassLoader.java:424)
at sun.misc.Launcher$AppClassLoader.loadClass(Launcher.java:349)
at java.lang.ClassLoader.loadClass(ClassLoader.java:357)
at org.apache.xerces.parsers.AbstractDOMParser.startDocument(Unknown Source)
at org.apache.xerces.impl.dtd.XMLDTDValidator.startDocument(Unknown Source)
at org.apache.xerces.impl.XMLDocumentScannerImpl.startEntity(Unknown Source)
at org.apache.xerces.impl.XMLVersionDetector.startDocumentParsing(Unknown Source)
at org.apache.xerces.parsers.XML11Configuration.parse(Unknown Source)
at org.apache.xerces.parsers.XML11Configuration.parse(Unknown Source)
at org.apache.xerces.parsers.XMLParser.parse(Unknown Source)
at org.apache.xerces.parsers.DOMParser.parse(Unknown Source)
at org.apache.xerces.jaxp.DocumentBuilderImpl.parse(Unknown Source)
at javax.xml.parsers.DocumentBuilder.parse(DocumentBuilder.java:121)
at com.relevantcodes.extentreports.Configuration.getConfigurationMap(Configuration.java:38)
at com.relevantcodes.extentreports.Report.loadConfig(Report.java:474)
at com.relevantcodes.extentreports.Report.<init>(Report.java:611)
at com.relevantcodes.extentreports.ExtentReports.<init>(ExtentReports.java:74)
at com.relevantcodes.extentreports.ExtentReports.<init>(ExtentReports.java:375)
at test.AutomatedProductsTest.setupClass(AutomatedProductsTest.java:21)
at java.util.ArrayList.forEach(ArrayList.java:1257)
Caused by: java.lang.ClassNotFoundException: org.w3c.dom.ElementTraversal
at java.net.URLClassLoader.findClass(URLClassLoader.java:382)
at java.lang.ClassLoader.loadClass(ClassLoader.java:424)
at sun.misc.Launcher$AppClassLoader.loadClass(Launcher.java:349)
at java.lang.ClassLoader.loadClass(ClassLoader.java:357)
... 54 more
... Removed 25 stack frames]]>
    </failure>
  </testcase> <!-- @BeforeClass setupClass -->
  <testcase name="@BeforeMethod setupMethod" time="-1.603744605421E9" classname="test.AutomatedProductsTest">
    <skipped/>
  </testcase> <!-- @BeforeMethod setupMethod -->
  <testcase name="@AfterMethod tearDownMethod" time="-1.603744605426E9" classname="test.AutomatedProductsTest">
    <skipped/>
  </testcase> <!-- @AfterMethod tearDownMethod -->
  <testcase name="@BeforeMethod setupMethod" time="-1.603744605428E9" classname="test.AutomatedProductsTest">
    <skipped/>
  </testcase> <!-- @BeforeMethod setupMethod -->
  <testcase name="@AfterMethod tearDownMethod" time="-1.603744605436E9" classname="test.AutomatedProductsTest">
    <skipped/>
  </testcase> <!-- @AfterMethod tearDownMethod -->
  <testcase name="@BeforeMethod setupMethod" time="-1.603744605438E9" classname="test.AutomatedProductsTest">
    <skipped/>
  </testcase> <!-- @BeforeMethod setupMethod -->
  <testcase name="@AfterMethod tearDownMethod" time="-1.603744605451E9" classname="test.AutomatedProductsTest">
    <skipped/>
  </testcase> <!-- @AfterMethod tearDownMethod -->
  <testcase name="@BeforeMethod setupMethod" time="-1.603744605457E9" classname="test.AutomatedProductsTest">
    <skipped/>
  </testcase> <!-- @BeforeMethod setupMethod -->
  <testcase name="@AfterMethod tearDownMethod" time="-1.603744605467E9" classname="test.AutomatedProductsTest">
    <skipped/>
  </testcase> <!-- @AfterMethod tearDownMethod -->
  <testcase name="@BeforeMethod setupMethod" time="-1.60374460555E9" classname="test.AutomatedProductsTest">
    <skipped/>
  </testcase> <!-- @BeforeMethod setupMethod -->
  <testcase name="@AfterMethod tearDownMethod" time="-1.603744605562E9" classname="test.AutomatedProductsTest">
    <skipped/>
  </testcase> <!-- @AfterMethod tearDownMethod -->
  <testcase name="@AfterClass tearDownClass" time="-1.603744605577E9" classname="test.AutomatedProductsTest">
    <skipped/>
  </testcase> <!-- @AfterClass tearDownClass -->
  <testcase name="verifyAddprohibitedItem" time="0.0" classname="test.ProhibitedProductsTest">
    <skipped/>
  </testcase> <!-- verifyAddprohibitedItem -->
  <testcase name="verifyAddprohibitedItem" time="0.0" classname="test.ProhibitedProductsTest">
    <skipped/>
  </testcase> <!-- verifyAddprohibitedItem -->
  <testcase name="verifyAddAutomatedItem_ValidData" time="0.0" classname="test.AutomatedProductsTest">
    <skipped/>
  </testcase> <!-- verifyAddAutomatedItem_ValidData -->
  <testcase name="verifyAddAutomatedItem_ValidData" time="0.0" classname="test.AutomatedProductsTest">
    <skipped/>
  </testcase> <!-- verifyAddAutomatedItem_ValidData -->
  <testcase name="verifyAddAutomatedItem_ValidData" time="0.0" classname="test.AutomatedProductsTest">
    <skipped/>
  </testcase> <!-- verifyAddAutomatedItem_ValidData -->
  <testcase name="verifyAddAutomatedItem_ValidData" time="0.0" classname="test.AutomatedProductsTest">
    <skipped/>
  </testcase> <!-- verifyAddAutomatedItem_ValidData -->
  <testcase name="verifyAddAutomatedItem_InvalidData" time="0.0" classname="test.AutomatedProductsTest">
    <skipped/>
  </testcase> <!-- verifyAddAutomatedItem_InvalidData -->
</testsuite> <!-- Test -->
